<?xml version="1.0" encoding="UTF-8"?>
<robot generator="Robot 7.3.2 (Python 3.13.7 on win32)" generated="2025-09-22T19:06:07.433188" rpa="false" schemaversion="5">
<suite id="s1" name="Tests" source="C:\Users\marce\OneDrive\Documentos\PROJETOS\serverest-web-test-f12\tests">
<suite id="s1-s1" name="Signup" source="C:\Users\marce\OneDrive\Documentos\PROJETOS\serverest-web-test-f12\tests\signup.robot">
<test id="s1-s1-t1" name="CT001 Deve poder cadastrar um novo usuário" line="14">
<kw name="Start Session" owner="base" type="SETUP">
<kw name="New Browser" owner="Browser">
<msg time="2025-09-22T19:06:08.066326" level="INFO">{"browser": "chromium", "headless": false, "chromiumSandbox": false, "devtools": false, "handleSIGHUP": true, "handleSIGINT": true, "handleSIGTERM": true, "slowMo": 0.0, "timeout": 30000.0, "tracesDir": "C:\\Users\\marce\\OneDrive\\Documentos\\PROJETOS\\serverest-web-test-f12\\logs\\browser\\traces\\temp\\7e0a2569-7214-4f89-888a-064f535285c5"}</msg>
<msg time="2025-09-22T19:06:08.095197" level="INFO">Starting Browser process C:\Users\marce\AppData\Local\Programs\Python\Python313\Lib\site-packages\Browser\wrapper\index.js using at 127.0.0.1:1775</msg>
<msg time="2025-09-22T19:06:09.372162" level="INFO">Successfully created browser with options: {"browser":"chromium","headless":false,"chromiumSandbox":false,"devtools":false,"handleSIGHUP":true,"handleSIGINT":true,"handleSIGTERM":true,"slowMo":0,"timeout":30000,"tracesDir":"C:\\Users\\marce\\OneDrive\\Documentos\\PROJETOS\\serverest-web-test-f12\\logs\\browser\\traces\\temp\\7e0a2569-7214-4f89-888a-064f535285c5"}</msg>
<arg>browser=chromium</arg>
<arg>headless=False</arg>
<tag>BrowserControl</tag>
<tag>Setter</tag>
<doc>Create a new playwright Browser with specified options.</doc>
<status status="PASS" start="2025-09-22T19:06:08.065517" elapsed="1.307098"/>
</kw>
<kw name="New Page" owner="Browser">
<msg time="2025-09-22T19:06:11.832432" level="INFO">Successfully initialized new page object and opened url: https://compassuolfront.serverest.dev</msg>
<msg time="2025-09-22T19:06:11.832624" level="INFO">No context was open. New context was automatically opened when this page is created.</msg>
<arg>${BASE_URL}</arg>
<tag>BrowserControl</tag>
<tag>Setter</tag>
<doc>Open a new Page.</doc>
<status status="PASS" start="2025-09-22T19:06:09.373205" elapsed="2.459758"/>
</kw>
<status status="PASS" start="2025-09-22T19:06:08.064353" elapsed="3.768920"/>
</kw>
<kw name="Color" owner="FakerLibrary">
<msg time="2025-09-22T19:06:11.834850" level="INFO">${nome} = #861bd3</msg>
<var>${nome}</var>
<doc>Generate a color in a human-friendly way.</doc>
<status status="PASS" start="2025-09-22T19:06:11.834019" elapsed="0.000893"/>
</kw>
<kw name="Create Dictionary" owner="BuiltIn">
<msg time="2025-09-22T19:06:11.836379" level="INFO">${user} = {'name': 'TestCT0001', 'email': '#861bd3ct0001@mail.com', 'password': 'pwd123'}</msg>
<var>${user}</var>
<arg>name=TestCT0001</arg>
<arg>email=${nome}ct0001@mail.com</arg>
<arg>password=pwd123</arg>
<doc>Creates and returns a dictionary based on the given ``items``.</doc>
<status status="PASS" start="2025-09-22T19:06:11.835513" elapsed="0.000926"/>
</kw>
<kw name="Go to signup page" owner="SignupPage">
<kw name="Go To" owner="Browser">
<msg time="2025-09-22T19:06:12.576015" level="INFO">Successfully opened URL https://compassuolfront.serverest.dev/cadastrarusuarios</msg>
<arg>${BASE_URL}/cadastrarusuarios</arg>
<tag>BrowserControl</tag>
<tag>Setter</tag>
<doc>Navigates to the given ``url``.</doc>
<status status="PASS" start="2025-09-22T19:06:11.837948" elapsed="0.738340"/>
</kw>
<kw name="Wait For Elements State" owner="Browser">
<msg time="2025-09-22T19:06:12.613406" level="INFO">Waited for Element with selector css=h2.font-robot &gt;&gt; text=Cadastro at state visible</msg>
<arg>css=h2.font-robot &gt;&gt; text=Cadastro</arg>
<arg>visible</arg>
<arg>5</arg>
<tag>PageContent</tag>
<tag>Wait</tag>
<doc>Waits for the element found by ``selector`` to satisfy state option.</doc>
<status status="PASS" start="2025-09-22T19:06:12.576512" elapsed="0.037135"/>
</kw>
<kw name="Get Text" owner="Browser">
<msg time="2025-09-22T19:06:12.652960" level="INFO">Text: 'Cadastro'</msg>
<arg>css=h2.font-robot &gt;&gt; text=Cadastro</arg>
<arg>equal</arg>
<arg>Cadastro</arg>
<tag>Assertion</tag>
<tag>Getter</tag>
<tag>PageContent</tag>
<doc>Returns text attribute of the element found by ``selector``.</doc>
<status status="PASS" start="2025-09-22T19:06:12.613942" elapsed="0.039129"/>
</kw>
<status status="PASS" start="2025-09-22T19:06:11.837165" elapsed="0.816037"/>
</kw>
<kw name="Submit signup form" owner="SignupPage">
<kw name="Fill Text" owner="Browser">
<msg time="2025-09-22T19:06:12.655786" level="INFO">Fills the text 'TestCT0001' in the given field.</msg>
<arg>xpath=//*[@id="nome"]</arg>
<arg>${user}[name]</arg>
<tag>PageContent</tag>
<tag>Setter</tag>
<doc>Clears and fills the given ``txt`` into the text field found by ``selector``.</doc>
<status status="PASS" start="2025-09-22T19:06:12.654985" elapsed="0.022150"/>
</kw>
<kw name="Fill Text" owner="Browser">
<msg time="2025-09-22T19:06:12.678757" level="INFO">Fills the text '#861bd3ct0001@mail.com' in the given field.</msg>
<arg>id=email</arg>
<arg>${user}[email]</arg>
<tag>PageContent</tag>
<tag>Setter</tag>
<doc>Clears and fills the given ``txt`` into the text field found by ``selector``.</doc>
<status status="PASS" start="2025-09-22T19:06:12.677465" elapsed="0.020081"/>
</kw>
<kw name="Fill Text" owner="Browser">
<msg time="2025-09-22T19:06:12.698325" level="INFO">Fills the text 'pwd123' in the given field.</msg>
<arg>id=password</arg>
<arg>${user}[password]</arg>
<tag>PageContent</tag>
<tag>Setter</tag>
<doc>Clears and fills the given ``txt`` into the text field found by ``selector``.</doc>
<status status="PASS" start="2025-09-22T19:06:12.697741" elapsed="0.018732"/>
</kw>
<kw name="Click" owner="Browser">
<msg time="2025-09-22T19:06:12.717192" level="INFO">Clicks the element 'css=[type=submit] &gt;&gt; text=Cadastrar'.</msg>
<arg>css=[type=submit] &gt;&gt; text=Cadastrar</arg>
<tag>PageContent</tag>
<tag>Setter</tag>
<doc>Simulates mouse click on the element found by ``selector``.</doc>
<status status="PASS" start="2025-09-22T19:06:12.716681" elapsed="0.065067"/>
</kw>
<arg>${user}</arg>
<status status="PASS" start="2025-09-22T19:06:12.654218" elapsed="0.127735"/>
</kw>
<kw name="Notice should be" owner="SignupPage">
<kw name="Set Variable" owner="BuiltIn">
<msg time="2025-09-22T19:06:12.783429" level="INFO">${element} = css=.alert</msg>
<var>${element}</var>
<arg>css=.alert</arg>
<doc>Returns the given values which can then be assigned to a variables.</doc>
<status status="PASS" start="2025-09-22T19:06:12.783090" elapsed="0.000377"/>
</kw>
<kw name="Wait For Elements State" owner="Browser">
<msg time="2025-09-22T19:06:13.608360" level="INFO">Waited for Element with selector css=.alert at state visible</msg>
<arg>${element}</arg>
<arg>visible</arg>
<arg>5</arg>
<tag>PageContent</tag>
<tag>Wait</tag>
<doc>Waits for the element found by ``selector`` to satisfy state option.</doc>
<status status="PASS" start="2025-09-22T19:06:12.783617" elapsed="0.824984"/>
</kw>
<kw name="Get Text" owner="Browser">
<msg time="2025-09-22T19:06:13.631415" level="INFO">Text: '×\nCadastro realizado com sucesso'</msg>
<arg>${element}</arg>
<arg>equal</arg>
<arg>${expected_texto}</arg>
<tag>Assertion</tag>
<tag>Getter</tag>
<tag>PageContent</tag>
<doc>Returns text attribute of the element found by ``selector``.</doc>
<status status="PASS" start="2025-09-22T19:06:13.608899" elapsed="0.022766"/>
</kw>
<arg>×\nCadastro realizado com sucesso</arg>
<status status="PASS" start="2025-09-22T19:06:12.782477" elapsed="0.849460"/>
</kw>
<kw name="Take Screenshot" owner="Browser" type="TEARDOWN">
<msg time="2025-09-22T19:06:13.851060" level="INFO" html="true">&lt;/td&gt;&lt;/tr&gt;&lt;tr&gt;&lt;td colspan="3"&gt;&lt;a href="browser/screenshot/robotframework-browser-screenshot-1.png" target="_blank"&gt;&lt;img src="browser/screenshot/robotframework-browser-screenshot-1.png" width="800px"/&gt;&lt;/a&gt;</msg>
<tag>PageContent</tag>
<doc>Takes a screenshot of the current window or element and saves it to disk.</doc>
<status status="PASS" start="2025-09-22T19:06:13.633180" elapsed="0.218278"/>
</kw>
<msg time="2025-09-22T19:06:13.872683" level="INFO">Switching context to context=bc2d3cca-f131-4593-a69e-744d87cf594d in CURRENT</msg>
<msg time="2025-09-22T19:06:13.882531" level="INFO">Successfully changed active context: context=bc2d3cca-f131-4593-a69e-744d87cf594d</msg>
<msg time="2025-09-22T19:06:13.926784" level="INFO">Successfully closed Context</msg>
<tag>CT001</tag>
<status status="PASS" start="2025-09-22T19:06:08.063406" elapsed="5.788378"/>
</test>
<test id="s1-s1-t2" name="CT002 Não deve permitir o cadastro com email duplicado" line="28">
<kw name="Start Session" owner="base" type="SETUP">
<kw name="New Browser" owner="Browser">
<msg time="2025-09-22T19:06:13.935088" level="INFO">Switching browser to browser=187dd4ce-8538-4c51-b4eb-eeb4433b2d7f</msg>
<msg time="2025-09-22T19:06:13.938238" level="INFO">Successfully changed active browser: browser=187dd4ce-8538-4c51-b4eb-eeb4433b2d7f</msg>
<msg time="2025-09-22T19:06:13.938420" level="INFO">Reusing existing browser with id: browser=187dd4ce-8538-4c51-b4eb-eeb4433b2d7f</msg>
<arg>browser=chromium</arg>
<arg>headless=False</arg>
<tag>BrowserControl</tag>
<tag>Setter</tag>
<doc>Create a new playwright Browser with specified options.</doc>
<status status="PASS" start="2025-09-22T19:06:13.934436" elapsed="0.004082"/>
</kw>
<kw name="New Page" owner="Browser">
<msg time="2025-09-22T19:06:16.593575" level="INFO">Successfully initialized new page object and opened url: https://compassuolfront.serverest.dev</msg>
<msg time="2025-09-22T19:06:16.593715" level="INFO">No context was open. New context was automatically opened when this page is created.</msg>
<arg>${BASE_URL}</arg>
<tag>BrowserControl</tag>
<tag>Setter</tag>
<doc>Open a new Page.</doc>
<status status="PASS" start="2025-09-22T19:06:13.938788" elapsed="2.655187"/>
</kw>
<status status="PASS" start="2025-09-22T19:06:13.933793" elapsed="2.660345"/>
</kw>
<kw name="Color" owner="FakerLibrary">
<msg time="2025-09-22T19:06:16.595410" level="INFO">${random_color} = #4085e5</msg>
<var>${random_color}</var>
<doc>Generate a color in a human-friendly way.</doc>
<status status="PASS" start="2025-09-22T19:06:16.594749" elapsed="0.000704"/>
</kw>
<kw name="Create Dictionary" owner="BuiltIn">
<msg time="2025-09-22T19:06:16.596233" level="INFO">${user} = {'name': 'Teste CT002', 'email': '#4085e5ct0002@mail.com', 'password': 'pwd123'}</msg>
<var>${user}</var>
<arg>name=Teste CT002</arg>
<arg>email=${random_color}ct0002@mail.com</arg>
<arg>password=pwd123</arg>
<doc>Creates and returns a dictionary based on the given ``items``.</doc>
<status status="PASS" start="2025-09-22T19:06:16.595822" elapsed="0.000443"/>
</kw>
<kw name="Create Dictionary" owner="BuiltIn">
<msg time="2025-09-22T19:06:16.597389" level="INFO">${user2} = {'name': 'Teste CT002', 'email': '#4085e5ct0002@mail.com', 'password': 'pwd123'}</msg>
<var>${user2}</var>
<arg>name=Teste CT002</arg>
<arg>email=${random_color}ct0002@mail.com</arg>
<arg>password=pwd123</arg>
<doc>Creates and returns a dictionary based on the given ``items``.</doc>
<status status="PASS" start="2025-09-22T19:06:16.596716" elapsed="0.000739"/>
</kw>
<kw name="Go to signup page" owner="SignupPage">
<kw name="Go To" owner="Browser">
<msg time="2025-09-22T19:06:17.345359" level="INFO">Successfully opened URL https://compassuolfront.serverest.dev/cadastrarusuarios</msg>
<arg>${BASE_URL}/cadastrarusuarios</arg>
<tag>BrowserControl</tag>
<tag>Setter</tag>
<doc>Navigates to the given ``url``.</doc>
<status status="PASS" start="2025-09-22T19:06:16.598582" elapsed="0.746973"/>
</kw>
<kw name="Wait For Elements State" owner="Browser">
<msg time="2025-09-22T19:06:17.373142" level="INFO">Waited for Element with selector css=h2.font-robot &gt;&gt; text=Cadastro at state visible</msg>
<arg>css=h2.font-robot &gt;&gt; text=Cadastro</arg>
<arg>visible</arg>
<arg>5</arg>
<tag>PageContent</tag>
<tag>Wait</tag>
<doc>Waits for the element found by ``selector`` to satisfy state option.</doc>
<status status="PASS" start="2025-09-22T19:06:17.345759" elapsed="0.027674"/>
</kw>
<kw name="Get Text" owner="Browser">
<msg time="2025-09-22T19:06:17.405285" level="INFO">Text: 'Cadastro'</msg>
<arg>css=h2.font-robot &gt;&gt; text=Cadastro</arg>
<arg>equal</arg>
<arg>Cadastro</arg>
<tag>Assertion</tag>
<tag>Getter</tag>
<tag>PageContent</tag>
<doc>Returns text attribute of the element found by ``selector``.</doc>
<status status="PASS" start="2025-09-22T19:06:17.373742" elapsed="0.031707"/>
</kw>
<status status="PASS" start="2025-09-22T19:06:16.598054" elapsed="0.807541"/>
</kw>
<kw name="Submit signup form" owner="SignupPage">
<kw name="Fill Text" owner="Browser">
<msg time="2025-09-22T19:06:17.407344" level="INFO">Fills the text 'Teste CT002' in the given field.</msg>
<arg>xpath=//*[@id="nome"]</arg>
<arg>${user}[name]</arg>
<tag>PageContent</tag>
<tag>Setter</tag>
<doc>Clears and fills the given ``txt`` into the text field found by ``selector``.</doc>
<status status="PASS" start="2025-09-22T19:06:17.406799" elapsed="0.018721"/>
</kw>
<kw name="Fill Text" owner="Browser">
<msg time="2025-09-22T19:06:17.426953" level="INFO">Fills the text '#4085e5ct0002@mail.com' in the given field.</msg>
<arg>id=email</arg>
<arg>${user}[email]</arg>
<tag>PageContent</tag>
<tag>Setter</tag>
<doc>Clears and fills the given ``txt`` into the text field found by ``selector``.</doc>
<status status="PASS" start="2025-09-22T19:06:17.425901" elapsed="0.016600"/>
</kw>
<kw name="Fill Text" owner="Browser">
<msg time="2025-09-22T19:06:17.443860" level="INFO">Fills the text 'pwd123' in the given field.</msg>
<arg>id=password</arg>
<arg>${user}[password]</arg>
<tag>PageContent</tag>
<tag>Setter</tag>
<doc>Clears and fills the given ``txt`` into the text field found by ``selector``.</doc>
<status status="PASS" start="2025-09-22T19:06:17.442963" elapsed="0.015415"/>
</kw>
<kw name="Click" owner="Browser">
<msg time="2025-09-22T19:06:17.459188" level="INFO">Clicks the element 'css=[type=submit] &gt;&gt; text=Cadastrar'.</msg>
<arg>css=[type=submit] &gt;&gt; text=Cadastrar</arg>
<tag>PageContent</tag>
<tag>Setter</tag>
<doc>Simulates mouse click on the element found by ``selector``.</doc>
<status status="PASS" start="2025-09-22T19:06:17.458617" elapsed="0.048883"/>
</kw>
<arg>${user}</arg>
<status status="PASS" start="2025-09-22T19:06:17.406108" elapsed="0.101723"/>
</kw>
<kw name="Notice should be" owner="SignupPage">
<kw name="Set Variable" owner="BuiltIn">
<msg time="2025-09-22T19:06:17.509432" level="INFO">${element} = css=.alert</msg>
<var>${element}</var>
<arg>css=.alert</arg>
<doc>Returns the given values which can then be assigned to a variables.</doc>
<status status="PASS" start="2025-09-22T19:06:17.509076" elapsed="0.000393"/>
</kw>
<kw name="Wait For Elements State" owner="Browser">
<msg time="2025-09-22T19:06:18.333697" level="INFO">Waited for Element with selector css=.alert at state visible</msg>
<arg>${element}</arg>
<arg>visible</arg>
<arg>5</arg>
<tag>PageContent</tag>
<tag>Wait</tag>
<doc>Waits for the element found by ``selector`` to satisfy state option.</doc>
<status status="PASS" start="2025-09-22T19:06:17.509622" elapsed="0.824253"/>
</kw>
<kw name="Get Text" owner="Browser">
<msg time="2025-09-22T19:06:18.355196" level="INFO">Text: '×\nCadastro realizado com sucesso'</msg>
<arg>${element}</arg>
<arg>equal</arg>
<arg>${expected_texto}</arg>
<tag>Assertion</tag>
<tag>Getter</tag>
<tag>PageContent</tag>
<doc>Returns text attribute of the element found by ``selector``.</doc>
<status status="PASS" start="2025-09-22T19:06:18.334077" elapsed="0.021364"/>
</kw>
<arg>×\nCadastro realizado com sucesso</arg>
<status status="PASS" start="2025-09-22T19:06:17.508319" elapsed="0.847388"/>
</kw>
<kw name="Go to signup page" owner="SignupPage">
<kw name="Go To" owner="Browser">
<msg time="2025-09-22T19:06:19.123621" level="INFO">Successfully opened URL https://compassuolfront.serverest.dev/cadastrarusuarios</msg>
<arg>${BASE_URL}/cadastrarusuarios</arg>
<tag>BrowserControl</tag>
<tag>Setter</tag>
<doc>Navigates to the given ``url``.</doc>
<status status="PASS" start="2025-09-22T19:06:18.356939" elapsed="0.767159"/>
</kw>
<kw name="Wait For Elements State" owner="Browser">
<msg time="2025-09-22T19:06:19.144874" level="INFO">Waited for Element with selector css=h2.font-robot &gt;&gt; text=Cadastro at state visible</msg>
<arg>css=h2.font-robot &gt;&gt; text=Cadastro</arg>
<arg>visible</arg>
<arg>5</arg>
<tag>PageContent</tag>
<tag>Wait</tag>
<doc>Waits for the element found by ``selector`` to satisfy state option.</doc>
<status status="PASS" start="2025-09-22T19:06:19.124340" elapsed="0.020879"/>
</kw>
<kw name="Get Text" owner="Browser">
<msg time="2025-09-22T19:06:19.174704" level="INFO">Text: 'Cadastro'</msg>
<arg>css=h2.font-robot &gt;&gt; text=Cadastro</arg>
<arg>equal</arg>
<arg>Cadastro</arg>
<tag>Assertion</tag>
<tag>Getter</tag>
<tag>PageContent</tag>
<doc>Returns text attribute of the element found by ``selector``.</doc>
<status status="PASS" start="2025-09-22T19:06:19.145442" elapsed="0.029369"/>
</kw>
<status status="PASS" start="2025-09-22T19:06:18.356427" elapsed="0.818491"/>
</kw>
<kw name="Submit signup form" owner="SignupPage">
<kw name="Fill Text" owner="Browser">
<msg time="2025-09-22T19:06:19.176200" level="INFO">Fills the text 'Teste CT002' in the given field.</msg>
<arg>xpath=//*[@id="nome"]</arg>
<arg>${user}[name]</arg>
<tag>PageContent</tag>
<tag>Setter</tag>
<doc>Clears and fills the given ``txt`` into the text field found by ``selector``.</doc>
<status status="PASS" start="2025-09-22T19:06:19.175749" elapsed="0.014059"/>
</kw>
<kw name="Fill Text" owner="Browser">
<msg time="2025-09-22T19:06:19.190731" level="INFO">Fills the text '#4085e5ct0002@mail.com' in the given field.</msg>
<arg>id=email</arg>
<arg>${user}[email]</arg>
<tag>PageContent</tag>
<tag>Setter</tag>
<doc>Clears and fills the given ``txt`` into the text field found by ``selector``.</doc>
<status status="PASS" start="2025-09-22T19:06:19.190039" elapsed="0.018838"/>
</kw>
<kw name="Fill Text" owner="Browser">
<msg time="2025-09-22T19:06:19.209653" level="INFO">Fills the text 'pwd123' in the given field.</msg>
<arg>id=password</arg>
<arg>${user}[password]</arg>
<tag>PageContent</tag>
<tag>Setter</tag>
<doc>Clears and fills the given ``txt`` into the text field found by ``selector``.</doc>
<status status="PASS" start="2025-09-22T19:06:19.209083" elapsed="0.017038"/>
</kw>
<kw name="Click" owner="Browser">
<msg time="2025-09-22T19:06:19.226881" level="INFO">Clicks the element 'css=[type=submit] &gt;&gt; text=Cadastrar'.</msg>
<arg>css=[type=submit] &gt;&gt; text=Cadastrar</arg>
<tag>PageContent</tag>
<tag>Setter</tag>
<doc>Simulates mouse click on the element found by ``selector``.</doc>
<status status="PASS" start="2025-09-22T19:06:19.226333" elapsed="0.041352"/>
</kw>
<arg>${user2}</arg>
<status status="PASS" start="2025-09-22T19:06:19.175283" elapsed="0.092605"/>
</kw>
<kw name="Notice should be" owner="SignupPage">
<kw name="Set Variable" owner="BuiltIn">
<msg time="2025-09-22T19:06:19.269825" level="INFO">${element} = css=.alert</msg>
<var>${element}</var>
<arg>css=.alert</arg>
<doc>Returns the given values which can then be assigned to a variables.</doc>
<status status="PASS" start="2025-09-22T19:06:19.269462" elapsed="0.000394"/>
</kw>
<kw name="Wait For Elements State" owner="Browser">
<msg time="2025-09-22T19:06:19.594119" level="INFO">Waited for Element with selector css=.alert at state visible</msg>
<arg>${element}</arg>
<arg>visible</arg>
<arg>5</arg>
<tag>PageContent</tag>
<tag>Wait</tag>
<doc>Waits for the element found by ``selector`` to satisfy state option.</doc>
<status status="PASS" start="2025-09-22T19:06:19.269976" elapsed="0.324323"/>
</kw>
<kw name="Get Text" owner="Browser">
<msg time="2025-09-22T19:06:19.612147" level="INFO">Text: '×\nEste email já está sendo usado'</msg>
<arg>${element}</arg>
<arg>equal</arg>
<arg>${expected_texto}</arg>
<tag>Assertion</tag>
<tag>Getter</tag>
<tag>PageContent</tag>
<doc>Returns text attribute of the element found by ``selector``.</doc>
<status status="PASS" start="2025-09-22T19:06:19.594520" elapsed="0.017740"/>
</kw>
<arg>×\nEste email já está sendo usado</arg>
<status status="PASS" start="2025-09-22T19:06:19.268720" elapsed="0.343665"/>
</kw>
<kw name="Take Screenshot" owner="Browser" type="TEARDOWN">
<msg time="2025-09-22T19:06:19.803421" level="INFO" html="true">&lt;/td&gt;&lt;/tr&gt;&lt;tr&gt;&lt;td colspan="3"&gt;&lt;a href="browser/screenshot/robotframework-browser-screenshot-2.png" target="_blank"&gt;&lt;img src="browser/screenshot/robotframework-browser-screenshot-2.png" width="800px"/&gt;&lt;/a&gt;</msg>
<tag>PageContent</tag>
<doc>Takes a screenshot of the current window or element and saves it to disk.</doc>
<status status="PASS" start="2025-09-22T19:06:19.612848" elapsed="0.190735"/>
</kw>
<msg time="2025-09-22T19:06:19.822319" level="INFO">Switching context to context=ee9a7774-17e5-47c0-8ca3-ae258669e408 in CURRENT</msg>
<msg time="2025-09-22T19:06:19.833049" level="INFO">Successfully changed active context: context=ee9a7774-17e5-47c0-8ca3-ae258669e408</msg>
<msg time="2025-09-22T19:06:19.874165" level="INFO">Successfully closed Context</msg>
<tag>CT002</tag>
<status status="PASS" start="2025-09-22T19:06:13.928060" elapsed="5.875908"/>
</test>
<test id="s1-s1-t3" name="CT003 Campos obrigatórios" line="55">
<kw name="Start Session" owner="base" type="SETUP">
<kw name="New Browser" owner="Browser">
<msg time="2025-09-22T19:06:19.881744" level="INFO">Switching browser to browser=187dd4ce-8538-4c51-b4eb-eeb4433b2d7f</msg>
<msg time="2025-09-22T19:06:19.884242" level="INFO">Successfully changed active browser: browser=187dd4ce-8538-4c51-b4eb-eeb4433b2d7f</msg>
<msg time="2025-09-22T19:06:19.884462" level="INFO">Reusing existing browser with id: browser=187dd4ce-8538-4c51-b4eb-eeb4433b2d7f</msg>
<arg>browser=chromium</arg>
<arg>headless=False</arg>
<tag>BrowserControl</tag>
<tag>Setter</tag>
<doc>Create a new playwright Browser with specified options.</doc>
<status status="PASS" start="2025-09-22T19:06:19.881265" elapsed="0.003271"/>
</kw>
<kw name="New Page" owner="Browser">
<msg time="2025-09-22T19:06:22.363659" level="INFO">Successfully initialized new page object and opened url: https://compassuolfront.serverest.dev</msg>
<msg time="2025-09-22T19:06:22.363768" level="INFO">No context was open. New context was automatically opened when this page is created.</msg>
<arg>${BASE_URL}</arg>
<tag>BrowserControl</tag>
<tag>Setter</tag>
<doc>Open a new Page.</doc>
<status status="PASS" start="2025-09-22T19:06:19.884812" elapsed="2.479120"/>
</kw>
<status status="PASS" start="2025-09-22T19:06:19.880777" elapsed="2.483280"/>
</kw>
<kw name="Create Dictionary" owner="BuiltIn">
<msg time="2025-09-22T19:06:22.366133" level="INFO">${user} = {'name': '', 'email': '', 'password': ''}</msg>
<var>${user}</var>
<arg>name=${EMPTY}</arg>
<arg>email=${EMPTY}</arg>
<arg>password=${EMPTY}</arg>
<doc>Creates and returns a dictionary based on the given ``items``.</doc>
<status status="PASS" start="2025-09-22T19:06:22.364656" elapsed="0.001520"/>
</kw>
<kw name="Go to signup page" owner="SignupPage">
<kw name="Go To" owner="Browser">
<msg time="2025-09-22T19:06:23.125282" level="INFO">Successfully opened URL https://compassuolfront.serverest.dev/cadastrarusuarios</msg>
<arg>${BASE_URL}/cadastrarusuarios</arg>
<tag>BrowserControl</tag>
<tag>Setter</tag>
<doc>Navigates to the given ``url``.</doc>
<status status="PASS" start="2025-09-22T19:06:22.367061" elapsed="0.758644"/>
</kw>
<kw name="Wait For Elements State" owner="Browser">
<msg time="2025-09-22T19:06:23.153036" level="INFO">Waited for Element with selector css=h2.font-robot &gt;&gt; text=Cadastro at state visible</msg>
<arg>css=h2.font-robot &gt;&gt; text=Cadastro</arg>
<arg>visible</arg>
<arg>5</arg>
<tag>PageContent</tag>
<tag>Wait</tag>
<doc>Waits for the element found by ``selector`` to satisfy state option.</doc>
<status status="PASS" start="2025-09-22T19:06:23.125956" elapsed="0.027436"/>
</kw>
<kw name="Get Text" owner="Browser">
<msg time="2025-09-22T19:06:23.182687" level="INFO">Text: 'Cadastro'</msg>
<arg>css=h2.font-robot &gt;&gt; text=Cadastro</arg>
<arg>equal</arg>
<arg>Cadastro</arg>
<tag>Assertion</tag>
<tag>Getter</tag>
<tag>PageContent</tag>
<doc>Returns text attribute of the element found by ``selector``.</doc>
<status status="PASS" start="2025-09-22T19:06:23.153964" elapsed="0.028900"/>
</kw>
<status status="PASS" start="2025-09-22T19:06:22.366639" elapsed="0.816375"/>
</kw>
<kw name="Submit signup form" owner="SignupPage">
<kw name="Fill Text" owner="Browser">
<msg time="2025-09-22T19:06:23.184657" level="INFO">Fills the text '' in the given field.</msg>
<arg>xpath=//*[@id="nome"]</arg>
<arg>${user}[name]</arg>
<tag>PageContent</tag>
<tag>Setter</tag>
<doc>Clears and fills the given ``txt`` into the text field found by ``selector``.</doc>
<status status="PASS" start="2025-09-22T19:06:23.183996" elapsed="0.021941"/>
</kw>
<kw name="Fill Text" owner="Browser">
<msg time="2025-09-22T19:06:23.206703" level="INFO">Fills the text '' in the given field.</msg>
<arg>id=email</arg>
<arg>${user}[email]</arg>
<tag>PageContent</tag>
<tag>Setter</tag>
<doc>Clears and fills the given ``txt`` into the text field found by ``selector``.</doc>
<status status="PASS" start="2025-09-22T19:06:23.206157" elapsed="0.020207"/>
</kw>
<kw name="Fill Text" owner="Browser">
<msg time="2025-09-22T19:06:23.227129" level="INFO">Fills the text '' in the given field.</msg>
<arg>id=password</arg>
<arg>${user}[password]</arg>
<tag>PageContent</tag>
<tag>Setter</tag>
<doc>Clears and fills the given ``txt`` into the text field found by ``selector``.</doc>
<status status="PASS" start="2025-09-22T19:06:23.226573" elapsed="0.015963"/>
</kw>
<kw name="Click" owner="Browser">
<msg time="2025-09-22T19:06:23.243693" level="INFO">Clicks the element 'css=[type=submit] &gt;&gt; text=Cadastrar'.</msg>
<arg>css=[type=submit] &gt;&gt; text=Cadastrar</arg>
<tag>PageContent</tag>
<tag>Setter</tag>
<doc>Simulates mouse click on the element found by ``selector``.</doc>
<status status="PASS" start="2025-09-22T19:06:23.242846" elapsed="0.057342"/>
</kw>
<arg>${user}</arg>
<status status="PASS" start="2025-09-22T19:06:23.183411" elapsed="0.116917"/>
</kw>
<kw name="Alert should be" owner="SignupPage">
<kw name="Wait For Elements State" owner="Browser">
<msg time="2025-09-22T19:06:24.150784" level="INFO">Waited for Element with selector text=Nome é obrigatório at state visible</msg>
<arg>text=${expected_text}</arg>
<arg>visible</arg>
<arg>5</arg>
<tag>PageContent</tag>
<tag>Wait</tag>
<doc>Waits for the element found by ``selector`` to satisfy state option.</doc>
<status status="PASS" start="2025-09-22T19:06:23.301492" elapsed="0.849569"/>
</kw>
<arg>Nome é obrigatório</arg>
<status status="PASS" start="2025-09-22T19:06:23.300766" elapsed="0.850508"/>
</kw>
<kw name="Alert should be" owner="SignupPage">
<kw name="Wait For Elements State" owner="Browser">
<msg time="2025-09-22T19:06:24.160025" level="INFO">Waited for Element with selector text=Email é obrigatório at state visible</msg>
<arg>text=${expected_text}</arg>
<arg>visible</arg>
<arg>5</arg>
<tag>PageContent</tag>
<tag>Wait</tag>
<doc>Waits for the element found by ``selector`` to satisfy state option.</doc>
<status status="PASS" start="2025-09-22T19:06:24.152880" elapsed="0.007323"/>
</kw>
<arg>Email é obrigatório</arg>
<status status="PASS" start="2025-09-22T19:06:24.151882" elapsed="0.008438"/>
</kw>
<kw name="Alert should be" owner="SignupPage">
<kw name="Wait For Elements State" owner="Browser">
<msg time="2025-09-22T19:06:24.170149" level="INFO">Waited for Element with selector text=Password é obrigatório at state visible</msg>
<arg>text=${expected_text}</arg>
<arg>visible</arg>
<arg>5</arg>
<tag>PageContent</tag>
<tag>Wait</tag>
<doc>Waits for the element found by ``selector`` to satisfy state option.</doc>
<status status="PASS" start="2025-09-22T19:06:24.161963" elapsed="0.008504"/>
</kw>
<arg>Password é obrigatório</arg>
<status status="PASS" start="2025-09-22T19:06:24.160952" elapsed="0.009760"/>
</kw>
<kw name="Take Screenshot" owner="Browser" type="TEARDOWN">
<msg time="2025-09-22T19:06:24.346820" level="INFO" html="true">&lt;/td&gt;&lt;/tr&gt;&lt;tr&gt;&lt;td colspan="3"&gt;&lt;a href="browser/screenshot/robotframework-browser-screenshot-3.png" target="_blank"&gt;&lt;img src="browser/screenshot/robotframework-browser-screenshot-3.png" width="800px"/&gt;&lt;/a&gt;</msg>
<tag>PageContent</tag>
<doc>Takes a screenshot of the current window or element and saves it to disk.</doc>
<status status="PASS" start="2025-09-22T19:06:24.171337" elapsed="0.175791"/>
</kw>
<msg time="2025-09-22T19:06:24.365655" level="INFO">Switching context to context=5c688a34-37c5-44d8-a8ba-febb4820252b in CURRENT</msg>
<msg time="2025-09-22T19:06:24.374234" level="INFO">Successfully changed active context: context=5c688a34-37c5-44d8-a8ba-febb4820252b</msg>
<msg time="2025-09-22T19:06:24.415206" level="INFO">Successfully closed Context</msg>
<tag>CT003</tag>
<status status="PASS" start="2025-09-22T19:06:19.875464" elapsed="4.472012"/>
</test>
<test id="s1-s1-t4" name="CT004 Não deve cadastrar com email incorreto" line="70">
<kw name="Start Session" owner="base" type="SETUP">
<kw name="New Browser" owner="Browser">
<msg time="2025-09-22T19:06:24.421763" level="INFO">Switching browser to browser=187dd4ce-8538-4c51-b4eb-eeb4433b2d7f</msg>
<msg time="2025-09-22T19:06:24.424582" level="INFO">Successfully changed active browser: browser=187dd4ce-8538-4c51-b4eb-eeb4433b2d7f</msg>
<msg time="2025-09-22T19:06:24.424744" level="INFO">Reusing existing browser with id: browser=187dd4ce-8538-4c51-b4eb-eeb4433b2d7f</msg>
<arg>browser=chromium</arg>
<arg>headless=False</arg>
<tag>BrowserControl</tag>
<tag>Setter</tag>
<doc>Create a new playwright Browser with specified options.</doc>
<status status="PASS" start="2025-09-22T19:06:24.421098" elapsed="0.003704"/>
</kw>
<kw name="New Page" owner="Browser">
<msg time="2025-09-22T19:06:27.052719" level="INFO">Successfully initialized new page object and opened url: https://compassuolfront.serverest.dev</msg>
<msg time="2025-09-22T19:06:27.052867" level="INFO">No context was open. New context was automatically opened when this page is created.</msg>
<arg>${BASE_URL}</arg>
<tag>BrowserControl</tag>
<tag>Setter</tag>
<doc>Open a new Page.</doc>
<status status="PASS" start="2025-09-22T19:06:24.424996" elapsed="2.628151"/>
</kw>
<status status="PASS" start="2025-09-22T19:06:24.420548" elapsed="2.632814"/>
</kw>
<kw name="Create Dictionary" owner="BuiltIn">
<msg time="2025-09-22T19:06:27.054339" level="INFO">${user} = {'name': 'TestCT004', 'email': 'ct004.mail.com', 'password': 'pwd123'}</msg>
<var>${user}</var>
<arg>name=TestCT004</arg>
<arg>email=ct004.mail.com</arg>
<arg>password=pwd123</arg>
<doc>Creates and returns a dictionary based on the given ``items``.</doc>
<status status="PASS" start="2025-09-22T19:06:27.053822" elapsed="0.000553"/>
</kw>
<kw name="Go to signup page" owner="SignupPage">
<kw name="Go To" owner="Browser">
<msg time="2025-09-22T19:06:27.785486" level="INFO">Successfully opened URL https://compassuolfront.serverest.dev/cadastrarusuarios</msg>
<arg>${BASE_URL}/cadastrarusuarios</arg>
<tag>BrowserControl</tag>
<tag>Setter</tag>
<doc>Navigates to the given ``url``.</doc>
<status status="PASS" start="2025-09-22T19:06:27.055227" elapsed="0.730609"/>
</kw>
<kw name="Wait For Elements State" owner="Browser">
<msg time="2025-09-22T19:06:27.813816" level="INFO">Waited for Element with selector css=h2.font-robot &gt;&gt; text=Cadastro at state visible</msg>
<arg>css=h2.font-robot &gt;&gt; text=Cadastro</arg>
<arg>visible</arg>
<arg>5</arg>
<tag>PageContent</tag>
<tag>Wait</tag>
<doc>Waits for the element found by ``selector`` to satisfy state option.</doc>
<status status="PASS" start="2025-09-22T19:06:27.786064" elapsed="0.027985"/>
</kw>
<kw name="Get Text" owner="Browser">
<msg time="2025-09-22T19:06:27.844529" level="INFO">Text: 'Cadastro'</msg>
<arg>css=h2.font-robot &gt;&gt; text=Cadastro</arg>
<arg>equal</arg>
<arg>Cadastro</arg>
<tag>Assertion</tag>
<tag>Getter</tag>
<tag>PageContent</tag>
<doc>Returns text attribute of the element found by ``selector``.</doc>
<status status="PASS" start="2025-09-22T19:06:27.814420" elapsed="0.030234"/>
</kw>
<status status="PASS" start="2025-09-22T19:06:27.054751" elapsed="0.790009"/>
</kw>
<kw name="Submit signup form" owner="SignupPage">
<kw name="Fill Text" owner="Browser">
<msg time="2025-09-22T19:06:27.846784" level="INFO">Fills the text 'TestCT004' in the given field.</msg>
<arg>xpath=//*[@id="nome"]</arg>
<arg>${user}[name]</arg>
<tag>PageContent</tag>
<tag>Setter</tag>
<doc>Clears and fills the given ``txt`` into the text field found by ``selector``.</doc>
<status status="PASS" start="2025-09-22T19:06:27.846070" elapsed="0.017983"/>
</kw>
<kw name="Fill Text" owner="Browser">
<msg time="2025-09-22T19:06:27.865412" level="INFO">Fills the text 'ct004.mail.com' in the given field.</msg>
<arg>id=email</arg>
<arg>${user}[email]</arg>
<tag>PageContent</tag>
<tag>Setter</tag>
<doc>Clears and fills the given ``txt`` into the text field found by ``selector``.</doc>
<status status="PASS" start="2025-09-22T19:06:27.864403" elapsed="0.017690"/>
</kw>
<kw name="Fill Text" owner="Browser">
<msg time="2025-09-22T19:06:27.882895" level="INFO">Fills the text 'pwd123' in the given field.</msg>
<arg>id=password</arg>
<arg>${user}[password]</arg>
<tag>PageContent</tag>
<tag>Setter</tag>
<doc>Clears and fills the given ``txt`` into the text field found by ``selector``.</doc>
<status status="PASS" start="2025-09-22T19:06:27.882292" elapsed="0.015627"/>
</kw>
<kw name="Click" owner="Browser">
<msg time="2025-09-22T19:06:27.898832" level="INFO">Clicks the element 'css=[type=submit] &gt;&gt; text=Cadastrar'.</msg>
<arg>css=[type=submit] &gt;&gt; text=Cadastrar</arg>
<tag>PageContent</tag>
<tag>Setter</tag>
<doc>Simulates mouse click on the element found by ``selector``.</doc>
<status status="PASS" start="2025-09-22T19:06:27.898171" elapsed="0.056803"/>
</kw>
<arg>${user}</arg>
<status status="PASS" start="2025-09-22T19:06:27.845289" elapsed="0.109811"/>
</kw>
<kw name="Wait For Elements State" owner="Browser">
<msg time="2025-09-22T19:06:27.963074" level="INFO">Waited for Element with selector css=div:nth-child(3) at state visible</msg>
<arg>css=div:nth-child(3)</arg>
<arg>visible</arg>
<arg>5</arg>
<tag>PageContent</tag>
<tag>Wait</tag>
<doc>Waits for the element found by ``selector`` to satisfy state option.</doc>
<status status="PASS" start="2025-09-22T19:06:27.955564" elapsed="0.007740"/>
</kw>
<kw name="Take Screenshot" owner="Browser" type="TEARDOWN">
<msg time="2025-09-22T19:06:28.276079" level="INFO" html="true">&lt;/td&gt;&lt;/tr&gt;&lt;tr&gt;&lt;td colspan="3"&gt;&lt;a href="browser/screenshot/robotframework-browser-screenshot-4.png" target="_blank"&gt;&lt;img src="browser/screenshot/robotframework-browser-screenshot-4.png" width="800px"/&gt;&lt;/a&gt;</msg>
<tag>PageContent</tag>
<doc>Takes a screenshot of the current window or element and saves it to disk.</doc>
<status status="PASS" start="2025-09-22T19:06:27.964008" elapsed="0.312224"/>
</kw>
<msg time="2025-09-22T19:06:28.293984" level="INFO">Switching context to context=549b114c-b294-4396-9db3-8046ea7bdb54 in CURRENT</msg>
<msg time="2025-09-22T19:06:28.303613" level="INFO">Successfully changed active context: context=549b114c-b294-4396-9db3-8046ea7bdb54</msg>
<msg time="2025-09-22T19:06:28.345699" level="INFO">Successfully closed Context</msg>
<tag>CT004</tag>
<status status="PASS" start="2025-09-22T19:06:24.416443" elapsed="3.860040"/>
</test>
<doc>Cenário de testes do cadastro de usuários</doc>
<status status="PASS" start="2025-09-22T19:06:07.471370" elapsed="20.875560"/>
</suite>
<status status="PASS" start="2025-09-22T19:06:07.435124" elapsed="20.919200"/>
</suite>
<statistics>
<total>
<stat pass="4" fail="0" skip="0">All Tests</stat>
</total>
<tag>
<stat pass="1" fail="0" skip="0">CT001</stat>
<stat pass="1" fail="0" skip="0">CT002</stat>
<stat pass="1" fail="0" skip="0">CT003</stat>
<stat pass="1" fail="0" skip="0">CT004</stat>
</tag>
<suite>
<stat name="Tests" id="s1" pass="4" fail="0" skip="0">Tests</stat>
<stat name="Signup" id="s1-s1" pass="4" fail="0" skip="0">Tests.Signup</stat>
</suite>
</statistics>
<errors>
</errors>
</robot>
