<?xml version="1.0" encoding="UTF-8"?>
<robot generator="Robot 7.3.2 (Python 3.13.7 on win32)" generated="2025-09-24T14:33:05.419201" rpa="false" schemaversion="5">
<suite id="s1" name="Tests" source="C:\Users\marce\OneDrive\Documentos\PROJETOS\serverest-web-test-f12\tests">
<suite id="s1-s1" name="Signup" source="C:\Users\marce\OneDrive\Documentos\PROJETOS\serverest-web-test-f12\tests\signup.robot">
<test id="s1-s1-t1" name="CT001 Deve poder cadastrar um novo usuário" line="13">
<kw name="Start Session" owner="base" type="SETUP">
<kw name="New Browser" owner="Browser">
<msg time="2025-09-24T14:33:06.140393" level="INFO">{"browser": "chromium", "headless": false, "chromiumSandbox": false, "devtools": false, "handleSIGHUP": true, "handleSIGINT": true, "handleSIGTERM": true, "slowMo": 0.0, "timeout": 30000.0, "tracesDir": "C:\\Users\\marce\\OneDrive\\Documentos\\PROJETOS\\serverest-web-test-f12\\logs\\browser\\traces\\temp\\1f811065-1f6f-44c3-8647-8dd747ce4496"}</msg>
<msg time="2025-09-24T14:33:06.168028" level="INFO">Starting Browser process C:\Users\marce\AppData\Local\Programs\Python\Python313\Lib\site-packages\Browser\wrapper\index.js using at 127.0.0.1:61608</msg>
<msg time="2025-09-24T14:33:07.475636" level="INFO">Successfully created browser with options: {"browser":"chromium","headless":false,"chromiumSandbox":false,"devtools":false,"handleSIGHUP":true,"handleSIGINT":true,"handleSIGTERM":true,"slowMo":0,"timeout":30000,"tracesDir":"C:\\Users\\marce\\OneDrive\\Documentos\\PROJETOS\\serverest-web-test-f12\\logs\\browser\\traces\\temp\\1f811065-1f6f-44c3-8647-8dd747ce4496"}</msg>
<arg>browser=${BROWSER}</arg>
<arg>headless=False</arg>
<tag>BrowserControl</tag>
<tag>Setter</tag>
<doc>Create a new playwright Browser with specified options.</doc>
<status status="PASS" start="2025-09-24T14:33:06.139566" elapsed="1.336580"/>
</kw>
<kw name="New Page" owner="Browser">
<msg time="2025-09-24T14:33:10.239573" level="INFO">Successfully initialized new page object and opened url: https://compassuolfront.serverest.dev</msg>
<msg time="2025-09-24T14:33:10.239708" level="INFO">No context was open. New context was automatically opened when this page is created.</msg>
<arg>${BASE_URL}</arg>
<tag>BrowserControl</tag>
<tag>Setter</tag>
<doc>Open a new Page.</doc>
<status status="PASS" start="2025-09-24T14:33:07.476693" elapsed="2.763276"/>
</kw>
<status status="PASS" start="2025-09-24T14:33:06.138450" elapsed="4.101771"/>
</kw>
<kw name="Color" owner="FakerLibrary">
<msg time="2025-09-24T14:33:10.241502" level="INFO">${nome} = #93ff99</msg>
<var>${nome}</var>
<doc>Generate a color in a human-friendly way.</doc>
<status status="PASS" start="2025-09-24T14:33:10.240791" elapsed="0.000767"/>
</kw>
<kw name="Create Dictionary" owner="BuiltIn">
<msg time="2025-09-24T14:33:10.243456" level="INFO">${user} = {'name': 'TestCT0001', 'email': '#93ff99ct0001@mail.com', 'password': 'pwd123'}</msg>
<var>${user}</var>
<arg>name=TestCT0001</arg>
<arg>email=${nome}ct0001@mail.com</arg>
<arg>password=pwd123</arg>
<doc>Creates and returns a dictionary based on the given ``items``.</doc>
<status status="PASS" start="2025-09-24T14:33:10.242204" elapsed="0.001344"/>
</kw>
<kw name="Go to signup page" owner="SignupPage">
<kw name="Go To" owner="Browser">
<msg time="2025-09-24T14:33:11.025044" level="INFO">Successfully opened URL https://compassuolfront.serverest.dev/cadastrarusuarios</msg>
<arg>${BASE_URL}/cadastrarusuarios</arg>
<tag>BrowserControl</tag>
<tag>Setter</tag>
<doc>Navigates to the given ``url``.</doc>
<status status="PASS" start="2025-09-24T14:33:10.244810" elapsed="0.780413"/>
</kw>
<kw name="Wait For Elements State" owner="Browser">
<msg time="2025-09-24T14:33:11.062272" level="INFO">Waited for Element with selector css=h2.font-robot &gt;&gt; text=Cadastro at state visible</msg>
<arg>css=h2.font-robot &gt;&gt; text=Cadastro</arg>
<arg>visible</arg>
<arg>5</arg>
<tag>PageContent</tag>
<tag>Wait</tag>
<doc>Waits for the element found by ``selector`` to satisfy state option.</doc>
<status status="PASS" start="2025-09-24T14:33:11.025431" elapsed="0.037152"/>
</kw>
<kw name="Get Text" owner="Browser">
<msg time="2025-09-24T14:33:11.097605" level="INFO">Text: 'Cadastro'</msg>
<arg>css=h2.font-robot &gt;&gt; text=Cadastro</arg>
<arg>equal</arg>
<arg>Cadastro</arg>
<tag>Assertion</tag>
<tag>Getter</tag>
<tag>PageContent</tag>
<doc>Returns text attribute of the element found by ``selector``.</doc>
<status status="PASS" start="2025-09-24T14:33:11.063013" elapsed="0.034768"/>
</kw>
<status status="PASS" start="2025-09-24T14:33:10.244258" elapsed="0.853717"/>
</kw>
<kw name="Submit signup form" owner="SignupPage">
<kw name="Fill Text" owner="Browser">
<msg time="2025-09-24T14:33:11.100222" level="INFO">Fills the text 'TestCT0001' in the given field.</msg>
<arg>xpath=//*[@id="nome"]</arg>
<arg>${user}[name]</arg>
<tag>PageContent</tag>
<tag>Setter</tag>
<doc>Clears and fills the given ``txt`` into the text field found by ``selector``.</doc>
<status status="PASS" start="2025-09-24T14:33:11.099311" elapsed="0.022334"/>
</kw>
<kw name="Fill Text" owner="Browser">
<msg time="2025-09-24T14:33:11.122987" level="INFO">Fills the text '#93ff99ct0001@mail.com' in the given field.</msg>
<arg>id=email</arg>
<arg>${user}[email]</arg>
<tag>PageContent</tag>
<tag>Setter</tag>
<doc>Clears and fills the given ``txt`` into the text field found by ``selector``.</doc>
<status status="PASS" start="2025-09-24T14:33:11.122062" elapsed="0.017898"/>
</kw>
<kw name="Fill Text" owner="Browser">
<msg time="2025-09-24T14:33:11.141205" level="INFO">Fills the text 'pwd123' in the given field.</msg>
<arg>id=password</arg>
<arg>${user}[password]</arg>
<tag>PageContent</tag>
<tag>Setter</tag>
<doc>Clears and fills the given ``txt`` into the text field found by ``selector``.</doc>
<status status="PASS" start="2025-09-24T14:33:11.140239" elapsed="0.015940"/>
</kw>
<kw name="Click" owner="Browser">
<msg time="2025-09-24T14:33:11.156949" level="INFO">Clicks the element 'css=[type=submit] &gt;&gt; text=Cadastrar'.</msg>
<arg>css=[type=submit] &gt;&gt; text=Cadastrar</arg>
<tag>PageContent</tag>
<tag>Setter</tag>
<doc>Simulates mouse click on the element found by ``selector``.</doc>
<status status="PASS" start="2025-09-24T14:33:11.156391" elapsed="0.058318"/>
</kw>
<arg>${user}</arg>
<status status="PASS" start="2025-09-24T14:33:11.098561" elapsed="0.116269"/>
</kw>
<kw name="Notice should be" owner="Alert">
<kw name="Set Variable" owner="BuiltIn">
<msg time="2025-09-24T14:33:11.216082" level="INFO">${element} = css=.alert</msg>
<var>${element}</var>
<arg>css=.alert</arg>
<doc>Returns the given values which can then be assigned to a variables.</doc>
<status status="PASS" start="2025-09-24T14:33:11.215739" elapsed="0.000391"/>
</kw>
<kw name="Wait For Elements State" owner="Browser">
<msg time="2025-09-24T14:33:12.045008" level="INFO">Waited for Element with selector css=.alert at state visible</msg>
<arg>${element}</arg>
<arg>visible</arg>
<arg>5</arg>
<tag>PageContent</tag>
<tag>Wait</tag>
<doc>Waits for the element found by ``selector`` to satisfy state option.</doc>
<status status="PASS" start="2025-09-24T14:33:11.216321" elapsed="0.828916"/>
</kw>
<kw name="Get Text" owner="Browser">
<msg time="2025-09-24T14:33:12.065241" level="INFO">Text: '×\nCadastro realizado com sucesso'</msg>
<arg>${element}</arg>
<arg>equal</arg>
<arg>${expected_texto}</arg>
<tag>Assertion</tag>
<tag>Getter</tag>
<tag>PageContent</tag>
<doc>Returns text attribute of the element found by ``selector``.</doc>
<status status="PASS" start="2025-09-24T14:33:12.045431" elapsed="0.019915"/>
</kw>
<arg>×\nCadastro realizado com sucesso</arg>
<status status="PASS" start="2025-09-24T14:33:11.215198" elapsed="0.850250"/>
</kw>
<kw name="Take Screenshot" owner="Browser" type="TEARDOWN">
<msg time="2025-09-24T14:33:12.279301" level="INFO" html="true">&lt;/td&gt;&lt;/tr&gt;&lt;tr&gt;&lt;td colspan="3"&gt;&lt;a href="browser/screenshot/robotframework-browser-screenshot-1.png" target="_blank"&gt;&lt;img src="browser/screenshot/robotframework-browser-screenshot-1.png" width="800px"/&gt;&lt;/a&gt;</msg>
<tag>PageContent</tag>
<doc>Takes a screenshot of the current window or element and saves it to disk.</doc>
<status status="PASS" start="2025-09-24T14:33:12.066026" elapsed="0.213793"/>
</kw>
<msg time="2025-09-24T14:33:12.299818" level="INFO">Switching context to context=b8937f5b-6326-4eac-bdc9-f8b75cde3c2e in CURRENT</msg>
<msg time="2025-09-24T14:33:12.309357" level="INFO">Successfully changed active context: context=b8937f5b-6326-4eac-bdc9-f8b75cde3c2e</msg>
<msg time="2025-09-24T14:33:12.350803" level="INFO">Successfully closed Context</msg>
<tag>CT001</tag>
<status status="PASS" start="2025-09-24T14:33:06.137315" elapsed="6.142902"/>
</test>
<test id="s1-s1-t2" name="CT002 Não deve permitir o cadastro com email duplicado" line="27">
<kw name="Start Session" owner="base" type="SETUP">
<kw name="New Browser" owner="Browser">
<msg time="2025-09-24T14:33:12.359756" level="INFO">Switching browser to browser=c1ea7345-0f39-4a9c-8ef3-78d4d3f0f8ce</msg>
<msg time="2025-09-24T14:33:12.362870" level="INFO">Successfully changed active browser: browser=c1ea7345-0f39-4a9c-8ef3-78d4d3f0f8ce</msg>
<msg time="2025-09-24T14:33:12.363061" level="INFO">Reusing existing browser with id: browser=c1ea7345-0f39-4a9c-8ef3-78d4d3f0f8ce</msg>
<arg>browser=${BROWSER}</arg>
<arg>headless=False</arg>
<tag>BrowserControl</tag>
<tag>Setter</tag>
<doc>Create a new playwright Browser with specified options.</doc>
<status status="PASS" start="2025-09-24T14:33:12.358562" elapsed="0.004602"/>
</kw>
<kw name="New Page" owner="Browser">
<msg time="2025-09-24T14:33:14.817591" level="INFO">Successfully initialized new page object and opened url: https://compassuolfront.serverest.dev</msg>
<msg time="2025-09-24T14:33:14.817736" level="INFO">No context was open. New context was automatically opened when this page is created.</msg>
<arg>${BASE_URL}</arg>
<tag>BrowserControl</tag>
<tag>Setter</tag>
<doc>Open a new Page.</doc>
<status status="PASS" start="2025-09-24T14:33:12.363456" elapsed="2.454572"/>
</kw>
<status status="PASS" start="2025-09-24T14:33:12.357657" elapsed="2.460518"/>
</kw>
<kw name="Color" owner="FakerLibrary">
<msg time="2025-09-24T14:33:14.819440" level="INFO">${random_color} = #0ef2ea</msg>
<var>${random_color}</var>
<doc>Generate a color in a human-friendly way.</doc>
<status status="PASS" start="2025-09-24T14:33:14.818803" elapsed="0.000675"/>
</kw>
<kw name="Create Dictionary" owner="BuiltIn">
<msg time="2025-09-24T14:33:14.820523" level="INFO">${user} = {'name': 'Teste CT002', 'email': '#0ef2eact0002@mail.com', 'password': 'pwd123'}</msg>
<var>${user}</var>
<arg>name=Teste CT002</arg>
<arg>email=${random_color}ct0002@mail.com</arg>
<arg>password=pwd123</arg>
<doc>Creates and returns a dictionary based on the given ``items``.</doc>
<status status="PASS" start="2025-09-24T14:33:14.819884" elapsed="0.000679"/>
</kw>
<kw name="Create Dictionary" owner="BuiltIn">
<msg time="2025-09-24T14:33:14.822117" level="INFO">${user2} = {'name': 'Teste CT002', 'email': '#0ef2eact0002@mail.com', 'password': 'pwd123'}</msg>
<var>${user2}</var>
<arg>name=Teste CT002</arg>
<arg>email=${random_color}ct0002@mail.com</arg>
<arg>password=pwd123</arg>
<doc>Creates and returns a dictionary based on the given ``items``.</doc>
<status status="PASS" start="2025-09-24T14:33:14.821128" elapsed="0.001044"/>
</kw>
<kw name="Go to signup page" owner="SignupPage">
<kw name="Go To" owner="Browser">
<msg time="2025-09-24T14:33:15.596306" level="INFO">Successfully opened URL https://compassuolfront.serverest.dev/cadastrarusuarios</msg>
<arg>${BASE_URL}/cadastrarusuarios</arg>
<tag>BrowserControl</tag>
<tag>Setter</tag>
<doc>Navigates to the given ``url``.</doc>
<status status="PASS" start="2025-09-24T14:33:14.823471" elapsed="0.773078"/>
</kw>
<kw name="Wait For Elements State" owner="Browser">
<msg time="2025-09-24T14:33:15.626740" level="INFO">Waited for Element with selector css=h2.font-robot &gt;&gt; text=Cadastro at state visible</msg>
<arg>css=h2.font-robot &gt;&gt; text=Cadastro</arg>
<arg>visible</arg>
<arg>5</arg>
<tag>PageContent</tag>
<tag>Wait</tag>
<doc>Waits for the element found by ``selector`` to satisfy state option.</doc>
<status status="PASS" start="2025-09-24T14:33:15.596758" elapsed="0.030303"/>
</kw>
<kw name="Get Text" owner="Browser">
<msg time="2025-09-24T14:33:15.657120" level="INFO">Text: 'Cadastro'</msg>
<arg>css=h2.font-robot &gt;&gt; text=Cadastro</arg>
<arg>equal</arg>
<arg>Cadastro</arg>
<tag>Assertion</tag>
<tag>Getter</tag>
<tag>PageContent</tag>
<doc>Returns text attribute of the element found by ``selector``.</doc>
<status status="PASS" start="2025-09-24T14:33:15.627481" elapsed="0.029811"/>
</kw>
<status status="PASS" start="2025-09-24T14:33:14.822810" elapsed="0.834691"/>
</kw>
<kw name="Submit signup form" owner="SignupPage">
<kw name="Fill Text" owner="Browser">
<msg time="2025-09-24T14:33:15.659452" level="INFO">Fills the text 'Teste CT002' in the given field.</msg>
<arg>xpath=//*[@id="nome"]</arg>
<arg>${user}[name]</arg>
<tag>PageContent</tag>
<tag>Setter</tag>
<doc>Clears and fills the given ``txt`` into the text field found by ``selector``.</doc>
<status status="PASS" start="2025-09-24T14:33:15.658911" elapsed="0.021457"/>
</kw>
<kw name="Fill Text" owner="Browser">
<msg time="2025-09-24T14:33:15.681314" level="INFO">Fills the text '#0ef2eact0002@mail.com' in the given field.</msg>
<arg>id=email</arg>
<arg>${user}[email]</arg>
<tag>PageContent</tag>
<tag>Setter</tag>
<doc>Clears and fills the given ``txt`` into the text field found by ``selector``.</doc>
<status status="PASS" start="2025-09-24T14:33:15.680610" elapsed="0.015101"/>
</kw>
<kw name="Fill Text" owner="Browser">
<msg time="2025-09-24T14:33:15.696729" level="INFO">Fills the text 'pwd123' in the given field.</msg>
<arg>id=password</arg>
<arg>${user}[password]</arg>
<tag>PageContent</tag>
<tag>Setter</tag>
<doc>Clears and fills the given ``txt`` into the text field found by ``selector``.</doc>
<status status="PASS" start="2025-09-24T14:33:15.695944" elapsed="0.014434"/>
</kw>
<kw name="Click" owner="Browser">
<msg time="2025-09-24T14:33:15.711093" level="INFO">Clicks the element 'css=[type=submit] &gt;&gt; text=Cadastrar'.</msg>
<arg>css=[type=submit] &gt;&gt; text=Cadastrar</arg>
<tag>PageContent</tag>
<tag>Setter</tag>
<doc>Simulates mouse click on the element found by ``selector``.</doc>
<status status="PASS" start="2025-09-24T14:33:15.710572" elapsed="0.059511"/>
</kw>
<arg>${user}</arg>
<status status="PASS" start="2025-09-24T14:33:15.658236" elapsed="0.112029"/>
</kw>
<kw name="Notice should be" owner="Alert">
<kw name="Set Variable" owner="BuiltIn">
<msg time="2025-09-24T14:33:15.771934" level="INFO">${element} = css=.alert</msg>
<var>${element}</var>
<arg>css=.alert</arg>
<doc>Returns the given values which can then be assigned to a variables.</doc>
<status status="PASS" start="2025-09-24T14:33:15.771489" elapsed="0.000493"/>
</kw>
<kw name="Wait For Elements State" owner="Browser">
<msg time="2025-09-24T14:33:16.607520" level="INFO">Waited for Element with selector css=.alert at state visible</msg>
<arg>${element}</arg>
<arg>visible</arg>
<arg>5</arg>
<tag>PageContent</tag>
<tag>Wait</tag>
<doc>Waits for the element found by ``selector`` to satisfy state option.</doc>
<status status="PASS" start="2025-09-24T14:33:15.772129" elapsed="0.835649"/>
</kw>
<kw name="Get Text" owner="Browser">
<msg time="2025-09-24T14:33:16.628055" level="INFO">Text: '×\nCadastro realizado com sucesso'</msg>
<arg>${element}</arg>
<arg>equal</arg>
<arg>${expected_texto}</arg>
<tag>Assertion</tag>
<tag>Getter</tag>
<tag>PageContent</tag>
<doc>Returns text attribute of the element found by ``selector``.</doc>
<status status="PASS" start="2025-09-24T14:33:16.608130" elapsed="0.020147"/>
</kw>
<arg>×\nCadastro realizado com sucesso</arg>
<status status="PASS" start="2025-09-24T14:33:15.770765" elapsed="0.857737"/>
</kw>
<kw name="Go to signup page" owner="SignupPage">
<kw name="Go To" owner="Browser">
<msg time="2025-09-24T14:33:17.390235" level="INFO">Successfully opened URL https://compassuolfront.serverest.dev/cadastrarusuarios</msg>
<arg>${BASE_URL}/cadastrarusuarios</arg>
<tag>BrowserControl</tag>
<tag>Setter</tag>
<doc>Navigates to the given ``url``.</doc>
<status status="PASS" start="2025-09-24T14:33:16.629261" elapsed="0.761396"/>
</kw>
<kw name="Wait For Elements State" owner="Browser">
<msg time="2025-09-24T14:33:17.409633" level="INFO">Waited for Element with selector css=h2.font-robot &gt;&gt; text=Cadastro at state visible</msg>
<arg>css=h2.font-robot &gt;&gt; text=Cadastro</arg>
<arg>visible</arg>
<arg>5</arg>
<tag>PageContent</tag>
<tag>Wait</tag>
<doc>Waits for the element found by ``selector`` to satisfy state option.</doc>
<status status="PASS" start="2025-09-24T14:33:17.390892" elapsed="0.018976"/>
</kw>
<kw name="Get Text" owner="Browser">
<msg time="2025-09-24T14:33:17.439109" level="INFO">Text: 'Cadastro'</msg>
<arg>css=h2.font-robot &gt;&gt; text=Cadastro</arg>
<arg>equal</arg>
<arg>Cadastro</arg>
<tag>Assertion</tag>
<tag>Getter</tag>
<tag>PageContent</tag>
<doc>Returns text attribute of the element found by ``selector``.</doc>
<status status="PASS" start="2025-09-24T14:33:17.410071" elapsed="0.029140"/>
</kw>
<status status="PASS" start="2025-09-24T14:33:16.628836" elapsed="0.810490"/>
</kw>
<kw name="Submit signup form" owner="SignupPage">
<kw name="Fill Text" owner="Browser">
<msg time="2025-09-24T14:33:17.441180" level="INFO">Fills the text 'Teste CT002' in the given field.</msg>
<arg>xpath=//*[@id="nome"]</arg>
<arg>${user}[name]</arg>
<tag>PageContent</tag>
<tag>Setter</tag>
<doc>Clears and fills the given ``txt`` into the text field found by ``selector``.</doc>
<status status="PASS" start="2025-09-24T14:33:17.440628" elapsed="0.012911"/>
</kw>
<kw name="Fill Text" owner="Browser">
<msg time="2025-09-24T14:33:17.454508" level="INFO">Fills the text '#0ef2eact0002@mail.com' in the given field.</msg>
<arg>id=email</arg>
<arg>${user}[email]</arg>
<tag>PageContent</tag>
<tag>Setter</tag>
<doc>Clears and fills the given ``txt`` into the text field found by ``selector``.</doc>
<status status="PASS" start="2025-09-24T14:33:17.453773" elapsed="0.017394"/>
</kw>
<kw name="Fill Text" owner="Browser">
<msg time="2025-09-24T14:33:17.471955" level="INFO">Fills the text 'pwd123' in the given field.</msg>
<arg>id=password</arg>
<arg>${user}[password]</arg>
<tag>PageContent</tag>
<tag>Setter</tag>
<doc>Clears and fills the given ``txt`` into the text field found by ``selector``.</doc>
<status status="PASS" start="2025-09-24T14:33:17.471376" elapsed="0.013801"/>
</kw>
<kw name="Click" owner="Browser">
<msg time="2025-09-24T14:33:17.486063" level="INFO">Clicks the element 'css=[type=submit] &gt;&gt; text=Cadastrar'.</msg>
<arg>css=[type=submit] &gt;&gt; text=Cadastrar</arg>
<tag>PageContent</tag>
<tag>Setter</tag>
<doc>Simulates mouse click on the element found by ``selector``.</doc>
<status status="PASS" start="2025-09-24T14:33:17.485418" elapsed="0.045388"/>
</kw>
<arg>${user2}</arg>
<status status="PASS" start="2025-09-24T14:33:17.439858" elapsed="0.091154"/>
</kw>
<kw name="Notice should be" owner="Alert">
<kw name="Set Variable" owner="BuiltIn">
<msg time="2025-09-24T14:33:17.532841" level="INFO">${element} = css=.alert</msg>
<var>${element}</var>
<arg>css=.alert</arg>
<doc>Returns the given values which can then be assigned to a variables.</doc>
<status status="PASS" start="2025-09-24T14:33:17.532623" elapsed="0.000246"/>
</kw>
<kw name="Wait For Elements State" owner="Browser">
<msg time="2025-09-24T14:33:17.853796" level="INFO">Waited for Element with selector css=.alert at state visible</msg>
<arg>${element}</arg>
<arg>visible</arg>
<arg>5</arg>
<tag>PageContent</tag>
<tag>Wait</tag>
<doc>Waits for the element found by ``selector`` to satisfy state option.</doc>
<status status="PASS" start="2025-09-24T14:33:17.532969" elapsed="0.321147"/>
</kw>
<kw name="Get Text" owner="Browser">
<msg time="2025-09-24T14:33:17.871389" level="INFO">Text: '×\nEste email já está sendo usado'</msg>
<arg>${element}</arg>
<arg>equal</arg>
<arg>${expected_texto}</arg>
<tag>Assertion</tag>
<tag>Getter</tag>
<tag>PageContent</tag>
<doc>Returns text attribute of the element found by ``selector``.</doc>
<status status="PASS" start="2025-09-24T14:33:17.854429" elapsed="0.017062"/>
</kw>
<arg>×\nEste email já está sendo usado</arg>
<status status="PASS" start="2025-09-24T14:33:17.531913" elapsed="0.339688"/>
</kw>
<kw name="Take Screenshot" owner="Browser" type="TEARDOWN">
<msg time="2025-09-24T14:33:18.052961" level="INFO" html="true">&lt;/td&gt;&lt;/tr&gt;&lt;tr&gt;&lt;td colspan="3"&gt;&lt;a href="browser/screenshot/robotframework-browser-screenshot-2.png" target="_blank"&gt;&lt;img src="browser/screenshot/robotframework-browser-screenshot-2.png" width="800px"/&gt;&lt;/a&gt;</msg>
<tag>PageContent</tag>
<doc>Takes a screenshot of the current window or element and saves it to disk.</doc>
<status status="PASS" start="2025-09-24T14:33:17.872032" elapsed="0.181094"/>
</kw>
<msg time="2025-09-24T14:33:18.071159" level="INFO">Switching context to context=7b60b384-d917-4850-89ec-3246225bbbdf in CURRENT</msg>
<msg time="2025-09-24T14:33:18.080071" level="INFO">Successfully changed active context: context=7b60b384-d917-4850-89ec-3246225bbbdf</msg>
<msg time="2025-09-24T14:33:18.117754" level="INFO">Successfully closed Context</msg>
<tag>CT002</tag>
<status status="PASS" start="2025-09-24T14:33:12.352653" elapsed="5.700785"/>
</test>
<test id="s1-s1-t3" name="CT003 Campos obrigatórios" line="54">
<kw name="Start Session" owner="base" type="SETUP">
<kw name="New Browser" owner="Browser">
<msg time="2025-09-24T14:33:18.124340" level="INFO">Switching browser to browser=c1ea7345-0f39-4a9c-8ef3-78d4d3f0f8ce</msg>
<msg time="2025-09-24T14:33:18.127026" level="INFO">Successfully changed active browser: browser=c1ea7345-0f39-4a9c-8ef3-78d4d3f0f8ce</msg>
<msg time="2025-09-24T14:33:18.127170" level="INFO">Reusing existing browser with id: browser=c1ea7345-0f39-4a9c-8ef3-78d4d3f0f8ce</msg>
<arg>browser=${BROWSER}</arg>
<arg>headless=False</arg>
<tag>BrowserControl</tag>
<tag>Setter</tag>
<doc>Create a new playwright Browser with specified options.</doc>
<status status="PASS" start="2025-09-24T14:33:18.123422" elapsed="0.003804"/>
</kw>
<kw name="New Page" owner="Browser">
<msg time="2025-09-24T14:33:20.878612" level="INFO">Successfully initialized new page object and opened url: https://compassuolfront.serverest.dev</msg>
<msg time="2025-09-24T14:33:20.878801" level="INFO">No context was open. New context was automatically opened when this page is created.</msg>
<arg>${BASE_URL}</arg>
<tag>BrowserControl</tag>
<tag>Setter</tag>
<doc>Open a new Page.</doc>
<status status="PASS" start="2025-09-24T14:33:18.127424" elapsed="2.751741"/>
</kw>
<status status="PASS" start="2025-09-24T14:33:18.122767" elapsed="2.756570"/>
</kw>
<kw name="Create Dictionary" owner="BuiltIn">
<msg time="2025-09-24T14:33:20.881530" level="INFO">${user} = {'name': '', 'email': '', 'password': ''}</msg>
<var>${user}</var>
<arg>name=${EMPTY}</arg>
<arg>email=${EMPTY}</arg>
<arg>password=${EMPTY}</arg>
<doc>Creates and returns a dictionary based on the given ``items``.</doc>
<status status="PASS" start="2025-09-24T14:33:20.879890" elapsed="0.001733"/>
</kw>
<kw name="Go to signup page" owner="SignupPage">
<kw name="Go To" owner="Browser">
<msg time="2025-09-24T14:33:21.669304" level="INFO">Successfully opened URL https://compassuolfront.serverest.dev/cadastrarusuarios</msg>
<arg>${BASE_URL}/cadastrarusuarios</arg>
<tag>BrowserControl</tag>
<tag>Setter</tag>
<doc>Navigates to the given ``url``.</doc>
<status status="PASS" start="2025-09-24T14:33:20.882909" elapsed="0.786584"/>
</kw>
<kw name="Wait For Elements State" owner="Browser">
<msg time="2025-09-24T14:33:21.699632" level="INFO">Waited for Element with selector css=h2.font-robot &gt;&gt; text=Cadastro at state visible</msg>
<arg>css=h2.font-robot &gt;&gt; text=Cadastro</arg>
<arg>visible</arg>
<arg>5</arg>
<tag>PageContent</tag>
<tag>Wait</tag>
<doc>Waits for the element found by ``selector`` to satisfy state option.</doc>
<status status="PASS" start="2025-09-24T14:33:21.669712" elapsed="0.030110"/>
</kw>
<kw name="Get Text" owner="Browser">
<msg time="2025-09-24T14:33:21.727236" level="INFO">Text: 'Cadastro'</msg>
<arg>css=h2.font-robot &gt;&gt; text=Cadastro</arg>
<arg>equal</arg>
<arg>Cadastro</arg>
<tag>Assertion</tag>
<tag>Getter</tag>
<tag>PageContent</tag>
<doc>Returns text attribute of the element found by ``selector``.</doc>
<status status="PASS" start="2025-09-24T14:33:21.700140" elapsed="0.027208"/>
</kw>
<status status="PASS" start="2025-09-24T14:33:20.882313" elapsed="0.845135"/>
</kw>
<kw name="Submit signup form" owner="SignupPage">
<kw name="Fill Text" owner="Browser">
<msg time="2025-09-24T14:33:21.729426" level="INFO">Fills the text '' in the given field.</msg>
<arg>xpath=//*[@id="nome"]</arg>
<arg>${user}[name]</arg>
<tag>PageContent</tag>
<tag>Setter</tag>
<doc>Clears and fills the given ``txt`` into the text field found by ``selector``.</doc>
<status status="PASS" start="2025-09-24T14:33:21.728661" elapsed="0.017024"/>
</kw>
<kw name="Fill Text" owner="Browser">
<msg time="2025-09-24T14:33:21.746930" level="INFO">Fills the text '' in the given field.</msg>
<arg>id=email</arg>
<arg>${user}[email]</arg>
<tag>PageContent</tag>
<tag>Setter</tag>
<doc>Clears and fills the given ``txt`` into the text field found by ``selector``.</doc>
<status status="PASS" start="2025-09-24T14:33:21.746032" elapsed="0.025468"/>
</kw>
<kw name="Fill Text" owner="Browser">
<msg time="2025-09-24T14:33:21.772235" level="INFO">Fills the text '' in the given field.</msg>
<arg>id=password</arg>
<arg>${user}[password]</arg>
<tag>PageContent</tag>
<tag>Setter</tag>
<doc>Clears and fills the given ``txt`` into the text field found by ``selector``.</doc>
<status status="PASS" start="2025-09-24T14:33:21.771699" elapsed="0.018914"/>
</kw>
<kw name="Click" owner="Browser">
<msg time="2025-09-24T14:33:21.791773" level="INFO">Clicks the element 'css=[type=submit] &gt;&gt; text=Cadastrar'.</msg>
<arg>css=[type=submit] &gt;&gt; text=Cadastrar</arg>
<tag>PageContent</tag>
<tag>Setter</tag>
<doc>Simulates mouse click on the element found by ``selector``.</doc>
<status status="PASS" start="2025-09-24T14:33:21.790946" elapsed="0.055911"/>
</kw>
<arg>${user}</arg>
<status status="PASS" start="2025-09-24T14:33:21.727926" elapsed="0.119189"/>
</kw>
<kw name="Alert should be" owner="Alert">
<kw name="Wait For Elements State" owner="Browser">
<msg time="2025-09-24T14:33:22.697567" level="INFO">Waited for Element with selector text=Nome é obrigatório at state visible</msg>
<arg>text=${expected_text}</arg>
<arg>visible</arg>
<arg>5</arg>
<tag>PageContent</tag>
<tag>Wait</tag>
<doc>Waits for the element found by ``selector`` to satisfy state option.</doc>
<status status="PASS" start="2025-09-24T14:33:21.848736" elapsed="0.849009"/>
</kw>
<arg>Nome é obrigatório</arg>
<status status="PASS" start="2025-09-24T14:33:21.847819" elapsed="0.850044"/>
</kw>
<kw name="Alert should be" owner="Alert">
<kw name="Wait For Elements State" owner="Browser">
<msg time="2025-09-24T14:33:22.707298" level="INFO">Waited for Element with selector text=Email é obrigatório at state visible</msg>
<arg>text=${expected_text}</arg>
<arg>visible</arg>
<arg>5</arg>
<tag>PageContent</tag>
<tag>Wait</tag>
<doc>Waits for the element found by ``selector`` to satisfy state option.</doc>
<status status="PASS" start="2025-09-24T14:33:22.698780" elapsed="0.008694"/>
</kw>
<arg>Email é obrigatório</arg>
<status status="PASS" start="2025-09-24T14:33:22.698231" elapsed="0.009359"/>
</kw>
<kw name="Alert should be" owner="Alert">
<kw name="Wait For Elements State" owner="Browser">
<msg time="2025-09-24T14:33:22.715753" level="INFO">Waited for Element with selector text=Password é obrigatório at state visible</msg>
<arg>text=${expected_text}</arg>
<arg>visible</arg>
<arg>5</arg>
<tag>PageContent</tag>
<tag>Wait</tag>
<doc>Waits for the element found by ``selector`` to satisfy state option.</doc>
<status status="PASS" start="2025-09-24T14:33:22.708481" elapsed="0.007439"/>
</kw>
<arg>Password é obrigatório</arg>
<status status="PASS" start="2025-09-24T14:33:22.708021" elapsed="0.008008"/>
</kw>
<kw name="Take Screenshot" owner="Browser" type="TEARDOWN">
<msg time="2025-09-24T14:33:22.904278" level="INFO" html="true">&lt;/td&gt;&lt;/tr&gt;&lt;tr&gt;&lt;td colspan="3"&gt;&lt;a href="browser/screenshot/robotframework-browser-screenshot-3.png" target="_blank"&gt;&lt;img src="browser/screenshot/robotframework-browser-screenshot-3.png" width="800px"/&gt;&lt;/a&gt;</msg>
<tag>PageContent</tag>
<doc>Takes a screenshot of the current window or element and saves it to disk.</doc>
<status status="PASS" start="2025-09-24T14:33:22.716419" elapsed="0.188076"/>
</kw>
<msg time="2025-09-24T14:33:22.922590" level="INFO">Switching context to context=af797897-07e6-4510-9937-35a4370cc469 in CURRENT</msg>
<msg time="2025-09-24T14:33:22.931280" level="INFO">Successfully changed active context: context=af797897-07e6-4510-9937-35a4370cc469</msg>
<msg time="2025-09-24T14:33:22.971636" level="INFO">Successfully closed Context</msg>
<tag>CT003</tag>
<status status="PASS" start="2025-09-24T14:33:18.118825" elapsed="4.786071"/>
</test>
<test id="s1-s1-t4" name="CT004 Não deve cadastrar com email incorreto" line="69">
<kw name="Start Session" owner="base" type="SETUP">
<kw name="New Browser" owner="Browser">
<msg time="2025-09-24T14:33:22.977353" level="INFO">Switching browser to browser=c1ea7345-0f39-4a9c-8ef3-78d4d3f0f8ce</msg>
<msg time="2025-09-24T14:33:22.980495" level="INFO">Successfully changed active browser: browser=c1ea7345-0f39-4a9c-8ef3-78d4d3f0f8ce</msg>
<msg time="2025-09-24T14:33:22.980673" level="INFO">Reusing existing browser with id: browser=c1ea7345-0f39-4a9c-8ef3-78d4d3f0f8ce</msg>
<arg>browser=${BROWSER}</arg>
<arg>headless=False</arg>
<tag>BrowserControl</tag>
<tag>Setter</tag>
<doc>Create a new playwright Browser with specified options.</doc>
<status status="PASS" start="2025-09-24T14:33:22.976624" elapsed="0.004107"/>
</kw>
<kw name="New Page" owner="Browser">
<msg time="2025-09-24T14:33:25.799851" level="INFO">Successfully initialized new page object and opened url: https://compassuolfront.serverest.dev</msg>
<msg time="2025-09-24T14:33:25.800018" level="INFO">No context was open. New context was automatically opened when this page is created.</msg>
<arg>${BASE_URL}</arg>
<tag>BrowserControl</tag>
<tag>Setter</tag>
<doc>Open a new Page.</doc>
<status status="PASS" start="2025-09-24T14:33:22.980938" elapsed="2.819408"/>
</kw>
<status status="PASS" start="2025-09-24T14:33:22.976080" elapsed="2.824492"/>
</kw>
<kw name="Create Dictionary" owner="BuiltIn">
<msg time="2025-09-24T14:33:25.801793" level="INFO">${user} = {'name': 'TestCT004', 'email': 'ct004.mail.com', 'password': 'pwd123'}</msg>
<var>${user}</var>
<arg>name=TestCT004</arg>
<arg>email=ct004.mail.com</arg>
<arg>password=pwd123</arg>
<doc>Creates and returns a dictionary based on the given ``items``.</doc>
<status status="PASS" start="2025-09-24T14:33:25.801202" elapsed="0.000629"/>
</kw>
<kw name="Go to signup page" owner="SignupPage">
<kw name="Go To" owner="Browser">
<msg time="2025-09-24T14:33:26.598981" level="INFO">Successfully opened URL https://compassuolfront.serverest.dev/cadastrarusuarios</msg>
<arg>${BASE_URL}/cadastrarusuarios</arg>
<tag>BrowserControl</tag>
<tag>Setter</tag>
<doc>Navigates to the given ``url``.</doc>
<status status="PASS" start="2025-09-24T14:33:25.803009" elapsed="0.796181"/>
</kw>
<kw name="Wait For Elements State" owner="Browser">
<msg time="2025-09-24T14:33:26.628091" level="INFO">Waited for Element with selector css=h2.font-robot &gt;&gt; text=Cadastro at state visible</msg>
<arg>css=h2.font-robot &gt;&gt; text=Cadastro</arg>
<arg>visible</arg>
<arg>5</arg>
<tag>PageContent</tag>
<tag>Wait</tag>
<doc>Waits for the element found by ``selector`` to satisfy state option.</doc>
<status status="PASS" start="2025-09-24T14:33:26.599392" elapsed="0.028871"/>
</kw>
<kw name="Get Text" owner="Browser">
<msg time="2025-09-24T14:33:26.656120" level="INFO">Text: 'Cadastro'</msg>
<arg>css=h2.font-robot &gt;&gt; text=Cadastro</arg>
<arg>equal</arg>
<arg>Cadastro</arg>
<tag>Assertion</tag>
<tag>Getter</tag>
<tag>PageContent</tag>
<doc>Returns text attribute of the element found by ``selector``.</doc>
<status status="PASS" start="2025-09-24T14:33:26.628590" elapsed="0.027637"/>
</kw>
<status status="PASS" start="2025-09-24T14:33:25.802460" elapsed="0.853888"/>
</kw>
<kw name="Submit signup form" owner="SignupPage">
<kw name="Fill Text" owner="Browser">
<msg time="2025-09-24T14:33:26.658295" level="INFO">Fills the text 'TestCT004' in the given field.</msg>
<arg>xpath=//*[@id="nome"]</arg>
<arg>${user}[name]</arg>
<tag>PageContent</tag>
<tag>Setter</tag>
<doc>Clears and fills the given ``txt`` into the text field found by ``selector``.</doc>
<status status="PASS" start="2025-09-24T14:33:26.657850" elapsed="0.016703"/>
</kw>
<kw name="Fill Text" owner="Browser">
<msg time="2025-09-24T14:33:26.675673" level="INFO">Fills the text 'ct004.mail.com' in the given field.</msg>
<arg>id=email</arg>
<arg>${user}[email]</arg>
<tag>PageContent</tag>
<tag>Setter</tag>
<doc>Clears and fills the given ``txt`` into the text field found by ``selector``.</doc>
<status status="PASS" start="2025-09-24T14:33:26.674780" elapsed="0.016196"/>
</kw>
<kw name="Fill Text" owner="Browser">
<msg time="2025-09-24T14:33:26.691772" level="INFO">Fills the text 'pwd123' in the given field.</msg>
<arg>id=password</arg>
<arg>${user}[password]</arg>
<tag>PageContent</tag>
<tag>Setter</tag>
<doc>Clears and fills the given ``txt`` into the text field found by ``selector``.</doc>
<status status="PASS" start="2025-09-24T14:33:26.691181" elapsed="0.014411"/>
</kw>
<kw name="Click" owner="Browser">
<msg time="2025-09-24T14:33:26.706334" level="INFO">Clicks the element 'css=[type=submit] &gt;&gt; text=Cadastrar'.</msg>
<arg>css=[type=submit] &gt;&gt; text=Cadastrar</arg>
<tag>PageContent</tag>
<tag>Setter</tag>
<doc>Simulates mouse click on the element found by ``selector``.</doc>
<status status="PASS" start="2025-09-24T14:33:26.705840" elapsed="0.061090"/>
</kw>
<arg>${user}</arg>
<status status="PASS" start="2025-09-24T14:33:26.657019" elapsed="0.110044"/>
</kw>
<kw name="Wait For Elements State" owner="Browser">
<msg time="2025-09-24T14:33:26.774715" level="INFO">Waited for Element with selector css=div:nth-child(3) at state visible</msg>
<arg>css=div:nth-child(3)</arg>
<arg>visible</arg>
<arg>5</arg>
<tag>PageContent</tag>
<tag>Wait</tag>
<doc>Waits for the element found by ``selector`` to satisfy state option.</doc>
<status status="PASS" start="2025-09-24T14:33:26.767385" elapsed="0.007576"/>
</kw>
<kw name="Take Screenshot" owner="Browser" type="TEARDOWN">
<msg time="2025-09-24T14:33:27.038183" level="INFO" html="true">&lt;/td&gt;&lt;/tr&gt;&lt;tr&gt;&lt;td colspan="3"&gt;&lt;a href="browser/screenshot/robotframework-browser-screenshot-4.png" target="_blank"&gt;&lt;img src="browser/screenshot/robotframework-browser-screenshot-4.png" width="800px"/&gt;&lt;/a&gt;</msg>
<tag>PageContent</tag>
<doc>Takes a screenshot of the current window or element and saves it to disk.</doc>
<status status="PASS" start="2025-09-24T14:33:26.775735" elapsed="0.262607"/>
</kw>
<msg time="2025-09-24T14:33:27.054506" level="INFO">Switching context to context=8b7614d4-bb8b-453b-b087-74a052d3451d in CURRENT</msg>
<msg time="2025-09-24T14:33:27.064121" level="INFO">Successfully changed active context: context=8b7614d4-bb8b-453b-b087-74a052d3451d</msg>
<msg time="2025-09-24T14:33:27.101017" level="INFO">Successfully closed Context</msg>
<tag>CT004</tag>
<status status="PASS" start="2025-09-24T14:33:22.972822" elapsed="4.065792"/>
</test>
<doc>Cenário de testes do cadastro de usuários</doc>
<status status="PASS" start="2025-09-24T14:33:05.455758" elapsed="21.646764"/>
</suite>
<status status="PASS" start="2025-09-24T14:33:05.420538" elapsed="21.689564"/>
</suite>
<statistics>
<total>
<stat pass="4" fail="0" skip="0">All Tests</stat>
</total>
<tag>
<stat pass="1" fail="0" skip="0">CT001</stat>
<stat pass="1" fail="0" skip="0">CT002</stat>
<stat pass="1" fail="0" skip="0">CT003</stat>
<stat pass="1" fail="0" skip="0">CT004</stat>
</tag>
<suite>
<stat name="Tests" id="s1" pass="4" fail="0" skip="0">Tests</stat>
<stat name="Signup" id="s1-s1" pass="4" fail="0" skip="0">Tests.Signup</stat>
</suite>
</statistics>
<errors>
</errors>
</robot>
